<?xml version="1.0" encoding="UTF-8"?>
<testng-results ignored="3" total="4" passed="0" failed="1" skipped="0">
  <reporter-output>
  </reporter-output>
  <suite started-at="2023-03-20T23:05:41 IST" name="Suite" finished-at="2023-03-20T23:05:58 IST" duration-ms="17388">
    <groups>
    </groups>
    <test started-at="2023-03-20T23:05:41 IST" name="Test" finished-at="2023-03-20T23:05:58 IST" duration-ms="17388">
      <class name="com.appTests.SignUpTest">
        <test-method signature="validateSignUp(java.util.Hashtable)[pri:1, instance:com.appTests.SignUpTest@5fe1ce85]" started-at="2023-03-20T23:05:41 IST" name="validateSignUp" description="To check whether the user is able to signup with valid credentials, in salinaka ecom web app" data-provider="dataProviderForIterations" finished-at="2023-03-20T23:05:54 IST" duration-ms="12722" status="FAIL">
          <params>
            <param index="0">
              <value>
                <![CDATA[{SIgnoutRequired=No, browserType=chrome, password=Testing12#$, email=prasea1992@mailinator.com, name=Prashanth, itemToSelect=frame1, TestCaseName=validateSignUp, =}]]>
              </value>
            </param>
          </params>
          <exception class="java.lang.NullPointerException">
            <full-stacktrace>
              <![CDATA[java.lang.NullPointerException
at com.appTests.SignUpTest.validateSignUp(SignUpTest.java:28)
at java.base/jdk.internal.reflect.NativeMethodAccessorImpl.invoke0(Native Method)
at java.base/jdk.internal.reflect.NativeMethodAccessorImpl.invoke(NativeMethodAccessorImpl.java:62)
at java.base/jdk.internal.reflect.DelegatingMethodAccessorImpl.invoke(DelegatingMethodAccessorImpl.java:43)
at java.base/java.lang.reflect.Method.invoke(Method.java:566)
at org.testng.internal.MethodInvocationHelper.invokeMethod(MethodInvocationHelper.java:133)
at org.testng.internal.TestInvoker.invokeMethod(TestInvoker.java:598)
at org.testng.internal.TestInvoker.invokeTestMethod(TestInvoker.java:173)
at org.testng.internal.TestMethodWithDataProviderMethodWorker.call(TestMethodWithDataProviderMethodWorker.java:77)
at org.testng.internal.TestMethodWithDataProviderMethodWorker.call(TestMethodWithDataProviderMethodWorker.java:15)
at java.base/java.util.concurrent.FutureTask.run(FutureTask.java:264)
at java.base/java.util.concurrent.Executors$RunnableAdapter.call(Executors.java:515)
at java.base/java.util.concurrent.FutureTask.run(FutureTask.java:264)
at java.base/java.util.concurrent.ThreadPoolExecutor.runWorker(ThreadPoolExecutor.java:1128)
at java.base/java.util.concurrent.ThreadPoolExecutor$Worker.run(ThreadPoolExecutor.java:628)
at java.base/java.lang.Thread.run(Thread.java:834)
]]>
            </full-stacktrace>
          </exception> <!-- java.lang.NullPointerException -->
          <reporter-output>
          </reporter-output>
        </test-method> <!-- validateSignUp -->
        <test-method is-config="true" signature="wrapUp()[pri:0, instance:com.appTests.SignUpTest@5fe1ce85]" started-at="2023-03-20T23:05:54 IST" name="wrapUp" finished-at="2023-03-20T23:05:58 IST" duration-ms="4132" status="PASS">
          <reporter-output>
          </reporter-output>
        </test-method> <!-- wrapUp -->
      </class> <!-- com.appTests.SignUpTest -->
      <class name="com.appTests.CheckoutItemToCart">
        <test-method is-config="true" signature="beforeSuite()[pri:0, instance:com.appTests.CheckoutItemToCart@32193bea]" started-at="2023-03-20T23:05:41 IST" name="beforeSuite" finished-at="2023-03-20T23:05:41 IST" duration-ms="74" status="PASS">
          <reporter-output>
          </reporter-output>
        </test-method> <!-- beforeSuite -->
        <test-method is-config="true" signature="afterSuite()[pri:0, instance:com.appTests.CheckoutItemToCart@32193bea]" started-at="2023-03-20T23:05:58 IST" name="afterSuite" finished-at="2023-03-20T23:05:59 IST" duration-ms="230" status="PASS">
          <reporter-output>
          </reporter-output>
        </test-method> <!-- afterSuite -->
      </class> <!-- com.appTests.CheckoutItemToCart -->
    </test> <!-- Test -->
  </suite> <!-- Suite -->
</testng-results>
